<?xml version="1.0" encoding="UTF-8"?>
<!-- Generated by org.testng.reporters.JUnitXMLReporter -->
<testsuite ignored="2" hostname="Khushboo" failures="2" tests="10" name="Surefire test" time="37.25" errors="0" timestamp="2024-12-20T16:26:27 IST">
  <testcase classname="com.cura.qa.test.AppointmentPageTest" name="verifyHeadingTest" time="0.003">
    <failure type="java.lang.NullPointerException" message="Cannot invoke &amp;quot;com.aventstack.extentreports.ExtentTest.info(String)&amp;quot; because &amp;quot;com.cura.qa.report.ExtentReportUtils.test&amp;quot; is null">
      <![CDATA[java.lang.NullPointerException: Cannot invoke "com.aventstack.extentreports.ExtentTest.info(String)" because "com.cura.qa.report.ExtentReportUtils.test" is null
at com.cura.qa.report.ExtentReportUtils.addStep(ExtentReportUtils.java:53)
at com.cura.qa.pageobjects.Apptmntpage.validateHeading(Apptmntpage.java:49)
at com.cura.qa.test.AppointmentPageTest.verifyHeadingTest(AppointmentPageTest.java:37)
at java.base/java.util.ArrayList.forEach(ArrayList.java:1596)
... Removed 30 stack frames]]>
    </failure>
  </testcase> <!-- verifyHeadingTest -->
  <testcase classname="com.cura.qa.test.AppointmentPageTest" name="makeAppointmentTest" time="0.058">
    <failure type="java.lang.NullPointerException" message="Cannot invoke &amp;quot;com.aventstack.extentreports.ExtentTest.info(String)&amp;quot; because &amp;quot;com.cura.qa.report.ExtentReportUtils.test&amp;quot; is null">
      <![CDATA[java.lang.NullPointerException: Cannot invoke "com.aventstack.extentreports.ExtentTest.info(String)" because "com.cura.qa.report.ExtentReportUtils.test" is null
at com.cura.qa.report.ExtentReportUtils.addStep(ExtentReportUtils.java:53)
at com.cura.qa.pageobjects.Apptmntpage.makeAppointment(Apptmntpage.java:57)
at com.cura.qa.test.AppointmentPageTest.makeAppointmentTest(AppointmentPageTest.java:45)
at java.base/java.util.ArrayList.forEach(ArrayList.java:1596)
... Removed 30 stack frames]]>
    </failure>
  </testcase> <!-- makeAppointmentTest -->
  <testcase classname="com.cura.qa.test.HomePageTest" name="clickLoginBtnTest" time="0.374"/>
  <testcase classname="com.cura.qa.test.HomePageTest" name="homePageAppointmentBtnPresentTest" time="0.024"/>
  <testcase classname="com.cura.qa.test.HomePageTest" name="homePageHeading1Test" time="0.034"/>
  <testcase classname="com.cura.qa.test.HomePageTest" name="homePageHeading2Test" time="0.033"/>
  <testcase classname="com.cura.qa.test.HomePageTest" name="homePageTitleTest" time="0.01"/>
  <testcase classname="com.cura.qa.test.LoginTest" name="loginPageTitleTest" time="0.004"/>
  <testcase classname="com.cura.qa.test.LoginTest" name="loginPageHeadingTest" time="0.028"/>
  <testcase classname="com.cura.qa.test.LoginTest" name="validateLoginTest" time="0.883"/>
  <testcase classname="com.cura.qa.base.TestBase" name="@BeforeSuite setExtentReport" time="0.0">
    <ignored/>
  </testcase> <!-- @BeforeSuite setExtentReport -->
  <testcase classname="com.cura.qa.base.TestBase" name="@BeforeSuite setExtentReport" time="0.0">
    <ignored/>
  </testcase> <!-- @BeforeSuite setExtentReport -->
</testsuite> <!-- Surefire test -->
