<?xml version="1.0" encoding="UTF-8"?>
<testng-results ignored="0" total="10" passed="8" failed="2" skipped="0">
  <reporter-output>
  </reporter-output>
  <suite started-at="2024-12-20T16:25:50 IST" name="Surefire suite" finished-at="2024-12-20T16:26:27 IST" duration-ms="37250">
    <groups>
    </groups>
    <test started-at="2024-12-20T16:25:50 IST" name="Surefire test" finished-at="2024-12-20T16:26:27 IST" duration-ms="37250">
      <class name="com.cura.qa.test.LoginTest">
        <test-method is-config="true" signature="setUp()[pri:0, instance:com.cura.qa.test.LoginTest@78b66d36]" started-at="2024-12-20T16:26:16 IST" name="setUp" finished-at="2024-12-20T16:26:19 IST" duration-ms="3480" status="PASS">
          <reporter-output>
          </reporter-output>
        </test-method> <!-- setUp -->
        <test-method signature="loginPageTitleTest()[pri:1, instance:com.cura.qa.test.LoginTest@78b66d36]" started-at="2024-12-20T16:26:19 IST" name="loginPageTitleTest" finished-at="2024-12-20T16:26:19 IST" duration-ms="4" status="PASS">
          <reporter-output>
          </reporter-output>
        </test-method> <!-- loginPageTitleTest -->
        <test-method is-config="true" signature="tearDown()[pri:0, instance:com.cura.qa.test.LoginTest@78b66d36]" started-at="2024-12-20T16:26:19 IST" name="tearDown" finished-at="2024-12-20T16:26:19 IST" duration-ms="133" status="PASS">
          <reporter-output>
          </reporter-output>
        </test-method> <!-- tearDown -->
        <test-method is-config="true" signature="setUp()[pri:0, instance:com.cura.qa.test.LoginTest@78b66d36]" started-at="2024-12-20T16:26:19 IST" name="setUp" finished-at="2024-12-20T16:26:23 IST" duration-ms="3668" status="PASS">
          <reporter-output>
          </reporter-output>
        </test-method> <!-- setUp -->
        <test-method signature="loginPageHeadingTest()[pri:2, instance:com.cura.qa.test.LoginTest@78b66d36]" started-at="2024-12-20T16:26:23 IST" name="loginPageHeadingTest" finished-at="2024-12-20T16:26:23 IST" duration-ms="28" status="PASS">
          <reporter-output>
          </reporter-output>
        </test-method> <!-- loginPageHeadingTest -->
        <test-method is-config="true" signature="tearDown()[pri:0, instance:com.cura.qa.test.LoginTest@78b66d36]" started-at="2024-12-20T16:26:23 IST" name="tearDown" finished-at="2024-12-20T16:26:23 IST" duration-ms="115" status="PASS">
          <reporter-output>
          </reporter-output>
        </test-method> <!-- tearDown -->
        <test-method is-config="true" signature="setUp()[pri:0, instance:com.cura.qa.test.LoginTest@78b66d36]" started-at="2024-12-20T16:26:23 IST" name="setUp" finished-at="2024-12-20T16:26:26 IST" duration-ms="3315" status="PASS">
          <reporter-output>
          </reporter-output>
        </test-method> <!-- setUp -->
        <test-method signature="validateLoginTest()[pri:3, instance:com.cura.qa.test.LoginTest@78b66d36]" started-at="2024-12-20T16:26:26 IST" name="validateLoginTest" finished-at="2024-12-20T16:26:27 IST" duration-ms="883" status="PASS">
          <reporter-output>
          </reporter-output>
        </test-method> <!-- validateLoginTest -->
        <test-method is-config="true" signature="tearDown()[pri:0, instance:com.cura.qa.test.LoginTest@78b66d36]" started-at="2024-12-20T16:26:27 IST" name="tearDown" finished-at="2024-12-20T16:26:27 IST" duration-ms="115" status="PASS">
          <reporter-output>
          </reporter-output>
        </test-method> <!-- tearDown -->
      </class> <!-- com.cura.qa.test.LoginTest -->
      <class name="com.cura.qa.test.HomePageTest">
        <test-method is-config="true" signature="setUp()[pri:0, instance:com.cura.qa.test.HomePageTest@7ce3cb8e]" started-at="2024-12-20T16:25:59 IST" name="setUp" finished-at="2024-12-20T16:26:02 IST" duration-ms="3059" status="PASS">
          <reporter-output>
          </reporter-output>
        </test-method> <!-- setUp -->
        <test-method signature="clickLoginBtnTest()[pri:0, instance:com.cura.qa.test.HomePageTest@7ce3cb8e]" started-at="2024-12-20T16:26:02 IST" name="clickLoginBtnTest" finished-at="2024-12-20T16:26:03 IST" duration-ms="374" status="PASS">
          <reporter-output>
          </reporter-output>
        </test-method> <!-- clickLoginBtnTest -->
        <test-method is-config="true" signature="tearDown()[pri:0, instance:com.cura.qa.test.HomePageTest@7ce3cb8e]" started-at="2024-12-20T16:26:03 IST" name="tearDown" finished-at="2024-12-20T16:26:03 IST" duration-ms="114" status="PASS">
          <reporter-output>
          </reporter-output>
        </test-method> <!-- tearDown -->
        <test-method is-config="true" signature="setUp()[pri:0, instance:com.cura.qa.test.HomePageTest@7ce3cb8e]" started-at="2024-12-20T16:26:03 IST" name="setUp" finished-at="2024-12-20T16:26:06 IST" duration-ms="2948" status="PASS">
          <reporter-output>
          </reporter-output>
        </test-method> <!-- setUp -->
        <test-method signature="homePageAppointmentBtnPresentTest()[pri:0, instance:com.cura.qa.test.HomePageTest@7ce3cb8e]" started-at="2024-12-20T16:26:06 IST" name="homePageAppointmentBtnPresentTest" finished-at="2024-12-20T16:26:06 IST" duration-ms="24" status="PASS">
          <reporter-output>
          </reporter-output>
        </test-method> <!-- homePageAppointmentBtnPresentTest -->
        <test-method is-config="true" signature="tearDown()[pri:0, instance:com.cura.qa.test.HomePageTest@7ce3cb8e]" started-at="2024-12-20T16:26:06 IST" name="tearDown" finished-at="2024-12-20T16:26:06 IST" duration-ms="130" status="PASS">
          <reporter-output>
          </reporter-output>
        </test-method> <!-- tearDown -->
        <test-method is-config="true" signature="setUp()[pri:0, instance:com.cura.qa.test.HomePageTest@7ce3cb8e]" started-at="2024-12-20T16:26:06 IST" name="setUp" finished-at="2024-12-20T16:26:09 IST" duration-ms="2874" status="PASS">
          <reporter-output>
          </reporter-output>
        </test-method> <!-- setUp -->
        <test-method signature="homePageHeading1Test()[pri:0, instance:com.cura.qa.test.HomePageTest@7ce3cb8e]" started-at="2024-12-20T16:26:09 IST" name="homePageHeading1Test" finished-at="2024-12-20T16:26:09 IST" duration-ms="34" status="PASS">
          <reporter-output>
          </reporter-output>
        </test-method> <!-- homePageHeading1Test -->
        <test-method is-config="true" signature="tearDown()[pri:0, instance:com.cura.qa.test.HomePageTest@7ce3cb8e]" started-at="2024-12-20T16:26:09 IST" name="tearDown" finished-at="2024-12-20T16:26:09 IST" duration-ms="144" status="PASS">
          <reporter-output>
          </reporter-output>
        </test-method> <!-- tearDown -->
        <test-method is-config="true" signature="setUp()[pri:0, instance:com.cura.qa.test.HomePageTest@7ce3cb8e]" started-at="2024-12-20T16:26:09 IST" name="setUp" finished-at="2024-12-20T16:26:12 IST" duration-ms="3257" status="PASS">
          <reporter-output>
          </reporter-output>
        </test-method> <!-- setUp -->
        <test-method signature="homePageHeading2Test()[pri:0, instance:com.cura.qa.test.HomePageTest@7ce3cb8e]" started-at="2024-12-20T16:26:12 IST" name="homePageHeading2Test" finished-at="2024-12-20T16:26:12 IST" duration-ms="33" status="PASS">
          <reporter-output>
          </reporter-output>
        </test-method> <!-- homePageHeading2Test -->
        <test-method is-config="true" signature="tearDown()[pri:0, instance:com.cura.qa.test.HomePageTest@7ce3cb8e]" started-at="2024-12-20T16:26:12 IST" name="tearDown" finished-at="2024-12-20T16:26:12 IST" duration-ms="117" status="PASS">
          <reporter-output>
          </reporter-output>
        </test-method> <!-- tearDown -->
        <test-method is-config="true" signature="setUp()[pri:0, instance:com.cura.qa.test.HomePageTest@7ce3cb8e]" started-at="2024-12-20T16:26:12 IST" name="setUp" finished-at="2024-12-20T16:26:15 IST" duration-ms="3185" status="PASS">
          <reporter-output>
          </reporter-output>
        </test-method> <!-- setUp -->
        <test-method signature="homePageTitleTest()[pri:0, instance:com.cura.qa.test.HomePageTest@7ce3cb8e]" started-at="2024-12-20T16:26:15 IST" name="homePageTitleTest" finished-at="2024-12-20T16:26:15 IST" duration-ms="10" status="PASS">
          <reporter-output>
          </reporter-output>
        </test-method> <!-- homePageTitleTest -->
        <test-method is-config="true" signature="tearDown()[pri:0, instance:com.cura.qa.test.HomePageTest@7ce3cb8e]" started-at="2024-12-20T16:26:15 IST" name="tearDown" finished-at="2024-12-20T16:26:16 IST" duration-ms="140" status="PASS">
          <reporter-output>
          </reporter-output>
        </test-method> <!-- tearDown -->
      </class> <!-- com.cura.qa.test.HomePageTest -->
      <class name="com.cura.qa.test.AppointmentPageTest">
        <test-method is-config="true" signature="setExtentReport()[pri:0, instance:com.cura.qa.test.AppointmentPageTest@36c88a32]" started-at="2024-12-20T16:25:50 IST" name="setExtentReport" finished-at="2024-12-20T16:25:50 IST" duration-ms="112" status="PASS">
          <reporter-output>
          </reporter-output>
        </test-method> <!-- setExtentReport -->
        <test-method is-config="true" signature="setUp()[pri:0, instance:com.cura.qa.test.AppointmentPageTest@36c88a32]" started-at="2024-12-20T16:25:50 IST" name="setUp" finished-at="2024-12-20T16:25:55 IST" duration-ms="4714" status="PASS">
          <reporter-output>
          </reporter-output>
        </test-method> <!-- setUp -->
        <test-method signature="verifyHeadingTest()[pri:1, instance:com.cura.qa.test.AppointmentPageTest@36c88a32]" started-at="2024-12-20T16:25:55 IST" name="verifyHeadingTest" finished-at="2024-12-20T16:25:55 IST" duration-ms="3" status="FAIL">
          <exception class="java.lang.NullPointerException">
            <message>
              <![CDATA[Cannot invoke "com.aventstack.extentreports.ExtentTest.info(String)" because "com.cura.qa.report.ExtentReportUtils.test" is null]]>
            </message>
            <full-stacktrace>
              <![CDATA[java.lang.NullPointerException: Cannot invoke "com.aventstack.extentreports.ExtentTest.info(String)" because "com.cura.qa.report.ExtentReportUtils.test" is null
at com.cura.qa.report.ExtentReportUtils.addStep(ExtentReportUtils.java:53)
at com.cura.qa.pageobjects.Apptmntpage.validateHeading(Apptmntpage.java:49)
at com.cura.qa.test.AppointmentPageTest.verifyHeadingTest(AppointmentPageTest.java:37)
at java.base/jdk.internal.reflect.DirectMethodHandleAccessor.invoke(DirectMethodHandleAccessor.java:103)
at java.base/java.lang.reflect.Method.invoke(Method.java:580)
at org.testng.internal.invokers.MethodInvocationHelper.invokeMethod(MethodInvocationHelper.java:141)
at org.testng.internal.invokers.TestInvoker.invokeMethod(TestInvoker.java:686)
at org.testng.internal.invokers.TestInvoker.invokeTestMethod(TestInvoker.java:230)
at org.testng.internal.invokers.MethodRunner.runInSequence(MethodRunner.java:63)
at org.testng.internal.invokers.TestInvoker$MethodInvocationAgent.invoke(TestInvoker.java:992)
at org.testng.internal.invokers.TestInvoker.invokeTestMethods(TestInvoker.java:203)
at org.testng.internal.invokers.TestMethodWorker.invokeTestMethods(TestMethodWorker.java:154)
at org.testng.internal.invokers.TestMethodWorker.run(TestMethodWorker.java:134)
at java.base/java.util.ArrayList.forEach(ArrayList.java:1596)
at org.testng.TestRunner.privateRun(TestRunner.java:739)
at org.testng.TestRunner.run(TestRunner.java:614)
at org.testng.SuiteRunner.runTest(SuiteRunner.java:421)
at org.testng.SuiteRunner.runSequentially(SuiteRunner.java:413)
at org.testng.SuiteRunner.privateRun(SuiteRunner.java:373)
at org.testng.SuiteRunner.run(SuiteRunner.java:312)
at org.testng.SuiteRunnerWorker.runSuite(SuiteRunnerWorker.java:52)
at org.testng.SuiteRunnerWorker.run(SuiteRunnerWorker.java:95)
at org.testng.TestNG.runSuitesSequentially(TestNG.java:1274)
at org.testng.TestNG.runSuitesLocally(TestNG.java:1208)
at org.testng.TestNG.runSuites(TestNG.java:1112)
at org.testng.TestNG.run(TestNG.java:1079)
at org.apache.maven.surefire.testng.TestNGExecutor.run(TestNGExecutor.java:155)
at org.apache.maven.surefire.testng.TestNGDirectoryTestSuite.executeMulti(TestNGDirectoryTestSuite.java:169)
at org.apache.maven.surefire.testng.TestNGDirectoryTestSuite.execute(TestNGDirectoryTestSuite.java:88)
at org.apache.maven.surefire.testng.TestNGProvider.invoke(TestNGProvider.java:137)
at org.apache.maven.surefire.booter.ForkedBooter.runSuitesInProcess(ForkedBooter.java:385)
at org.apache.maven.surefire.booter.ForkedBooter.execute(ForkedBooter.java:162)
at org.apache.maven.surefire.booter.ForkedBooter.run(ForkedBooter.java:507)
at org.apache.maven.surefire.booter.ForkedBooter.main(ForkedBooter.java:495)
]]>
            </full-stacktrace>
          </exception> <!-- java.lang.NullPointerException -->
          <reporter-output>
          </reporter-output>
        </test-method> <!-- verifyHeadingTest -->
        <test-method is-config="true" signature="tearDown()[pri:0, instance:com.cura.qa.test.AppointmentPageTest@36c88a32]" started-at="2024-12-20T16:25:55 IST" name="tearDown" finished-at="2024-12-20T16:25:55 IST" duration-ms="165" status="PASS">
          <reporter-output>
          </reporter-output>
        </test-method> <!-- tearDown -->
        <test-method is-config="true" signature="setUp()[pri:0, instance:com.cura.qa.test.AppointmentPageTest@36c88a32]" started-at="2024-12-20T16:25:55 IST" name="setUp" finished-at="2024-12-20T16:25:59 IST" duration-ms="3947" status="PASS">
          <reporter-output>
          </reporter-output>
        </test-method> <!-- setUp -->
        <test-method signature="makeAppointmentTest()[pri:2, instance:com.cura.qa.test.AppointmentPageTest@36c88a32]" started-at="2024-12-20T16:25:59 IST" name="makeAppointmentTest" finished-at="2024-12-20T16:25:59 IST" duration-ms="58" status="FAIL">
          <exception class="java.lang.NullPointerException">
            <message>
              <![CDATA[Cannot invoke "com.aventstack.extentreports.ExtentTest.info(String)" because "com.cura.qa.report.ExtentReportUtils.test" is null]]>
            </message>
            <full-stacktrace>
              <![CDATA[java.lang.NullPointerException: Cannot invoke "com.aventstack.extentreports.ExtentTest.info(String)" because "com.cura.qa.report.ExtentReportUtils.test" is null
at com.cura.qa.report.ExtentReportUtils.addStep(ExtentReportUtils.java:53)
at com.cura.qa.pageobjects.Apptmntpage.makeAppointment(Apptmntpage.java:57)
at com.cura.qa.test.AppointmentPageTest.makeAppointmentTest(AppointmentPageTest.java:45)
at java.base/jdk.internal.reflect.DirectMethodHandleAccessor.invoke(DirectMethodHandleAccessor.java:103)
at java.base/java.lang.reflect.Method.invoke(Method.java:580)
at org.testng.internal.invokers.MethodInvocationHelper.invokeMethod(MethodInvocationHelper.java:141)
at org.testng.internal.invokers.TestInvoker.invokeMethod(TestInvoker.java:686)
at org.testng.internal.invokers.TestInvoker.invokeTestMethod(TestInvoker.java:230)
at org.testng.internal.invokers.MethodRunner.runInSequence(MethodRunner.java:63)
at org.testng.internal.invokers.TestInvoker$MethodInvocationAgent.invoke(TestInvoker.java:992)
at org.testng.internal.invokers.TestInvoker.invokeTestMethods(TestInvoker.java:203)
at org.testng.internal.invokers.TestMethodWorker.invokeTestMethods(TestMethodWorker.java:154)
at org.testng.internal.invokers.TestMethodWorker.run(TestMethodWorker.java:134)
at java.base/java.util.ArrayList.forEach(ArrayList.java:1596)
at org.testng.TestRunner.privateRun(TestRunner.java:739)
at org.testng.TestRunner.run(TestRunner.java:614)
at org.testng.SuiteRunner.runTest(SuiteRunner.java:421)
at org.testng.SuiteRunner.runSequentially(SuiteRunner.java:413)
at org.testng.SuiteRunner.privateRun(SuiteRunner.java:373)
at org.testng.SuiteRunner.run(SuiteRunner.java:312)
at org.testng.SuiteRunnerWorker.runSuite(SuiteRunnerWorker.java:52)
at org.testng.SuiteRunnerWorker.run(SuiteRunnerWorker.java:95)
at org.testng.TestNG.runSuitesSequentially(TestNG.java:1274)
at org.testng.TestNG.runSuitesLocally(TestNG.java:1208)
at org.testng.TestNG.runSuites(TestNG.java:1112)
at org.testng.TestNG.run(TestNG.java:1079)
at org.apache.maven.surefire.testng.TestNGExecutor.run(TestNGExecutor.java:155)
at org.apache.maven.surefire.testng.TestNGDirectoryTestSuite.executeMulti(TestNGDirectoryTestSuite.java:169)
at org.apache.maven.surefire.testng.TestNGDirectoryTestSuite.execute(TestNGDirectoryTestSuite.java:88)
at org.apache.maven.surefire.testng.TestNGProvider.invoke(TestNGProvider.java:137)
at org.apache.maven.surefire.booter.ForkedBooter.runSuitesInProcess(ForkedBooter.java:385)
at org.apache.maven.surefire.booter.ForkedBooter.execute(ForkedBooter.java:162)
at org.apache.maven.surefire.booter.ForkedBooter.run(ForkedBooter.java:507)
at org.apache.maven.surefire.booter.ForkedBooter.main(ForkedBooter.java:495)
]]>
            </full-stacktrace>
          </exception> <!-- java.lang.NullPointerException -->
          <reporter-output>
          </reporter-output>
        </test-method> <!-- makeAppointmentTest -->
        <test-method is-config="true" signature="tearDown()[pri:0, instance:com.cura.qa.test.AppointmentPageTest@36c88a32]" started-at="2024-12-20T16:25:59 IST" name="tearDown" finished-at="2024-12-20T16:25:59 IST" duration-ms="134" status="PASS">
          <reporter-output>
          </reporter-output>
        </test-method> <!-- tearDown -->
      </class> <!-- com.cura.qa.test.AppointmentPageTest -->
    </test> <!-- Surefire test -->
  </suite> <!-- Surefire suite -->
</testng-results>
